[0.343s] Invoking command in '/home/sakamoto/ros2_ws/src/mypkg': PYTHONPATH=/home/sakamoto/ros2_ws/src/mypkg/install/mypkg/lib/python3.6/site-packages:${PYTHONPATH} /usr/bin/python3 setup.py egg_info --egg-base build/mypkg build --build-base /home/sakamoto/ros2_ws/src/mypkg/build/mypkg/build install --prefix /home/sakamoto/ros2_ws/src/mypkg/install/mypkg --record /home/sakamoto/ros2_ws/src/mypkg/build/mypkg/install.log --single-version-externally-managed
[0.471s] running egg_info
[0.472s] writing build/mypkg/mypkg.egg-info/PKG-INFO
[0.472s] writing dependency_links to build/mypkg/mypkg.egg-info/dependency_links.txt
[0.472s] writing entry points to build/mypkg/mypkg.egg-info/entry_points.txt
[0.472s] writing requirements to build/mypkg/mypkg.egg-info/requires.txt
[0.472s] writing top-level names to build/mypkg/mypkg.egg-info/top_level.txt
[0.491s] reading manifest file 'build/mypkg/mypkg.egg-info/SOURCES.txt'
[0.491s] writing manifest file 'build/mypkg/mypkg.egg-info/SOURCES.txt'
[0.492s] running build
[0.492s] running build_py
[0.492s] copying mypkg/listener.py -> /home/sakamoto/ros2_ws/src/mypkg/build/mypkg/build/lib/mypkg
[0.492s] copying mypkg/setup.py -> /home/sakamoto/ros2_ws/src/mypkg/build/mypkg/build/lib/mypkg
[0.492s] running install
[0.492s] running install_lib
[0.493s] copying /home/sakamoto/ros2_ws/src/mypkg/build/mypkg/build/lib/mypkg/listener.py -> /home/sakamoto/ros2_ws/src/mypkg/install/mypkg/lib/python3.6/site-packages/mypkg
[0.493s] copying /home/sakamoto/ros2_ws/src/mypkg/build/mypkg/build/lib/mypkg/setup.py -> /home/sakamoto/ros2_ws/src/mypkg/install/mypkg/lib/python3.6/site-packages/mypkg
[0.493s] byte-compiling /home/sakamoto/ros2_ws/src/mypkg/install/mypkg/lib/python3.6/site-packages/mypkg/listener.py to listener.cpython-36.pyc
[0.493s] byte-compiling /home/sakamoto/ros2_ws/src/mypkg/install/mypkg/lib/python3.6/site-packages/mypkg/setup.py to setup.cpython-36.pyc
[0.493s] running install_data
[0.494s] running install_egg_info
[0.495s] removing '/home/sakamoto/ros2_ws/src/mypkg/install/mypkg/lib/python3.6/site-packages/mypkg-0.0.0-py3.6.egg-info' (and everything under it)
[0.495s] Copying build/mypkg/mypkg.egg-info to /home/sakamoto/ros2_ws/src/mypkg/install/mypkg/lib/python3.6/site-packages/mypkg-0.0.0-py3.6.egg-info
[0.495s] running install_scripts
[0.508s] Installing listener script to /home/sakamoto/ros2_ws/src/mypkg/install/mypkg/lib/mypkg
[0.508s] Installing talker script to /home/sakamoto/ros2_ws/src/mypkg/install/mypkg/lib/mypkg
[0.508s] writing list of installed files to '/home/sakamoto/ros2_ws/src/mypkg/build/mypkg/install.log'
[0.522s] Invoked command in '/home/sakamoto/ros2_ws/src/mypkg' returned '0': PYTHONPATH=/home/sakamoto/ros2_ws/src/mypkg/install/mypkg/lib/python3.6/site-packages:${PYTHONPATH} /usr/bin/python3 setup.py egg_info --egg-base build/mypkg build --build-base /home/sakamoto/ros2_ws/src/mypkg/build/mypkg/build install --prefix /home/sakamoto/ros2_ws/src/mypkg/install/mypkg --record /home/sakamoto/ros2_ws/src/mypkg/build/mypkg/install.log --single-version-externally-managed
